[05-Apr-2021 00:11:29 America/Mexico_City] PHP Fatal error:  Uncaught Error: Class 'Slider' not found in /var/www/html/admin-agisi/module/design/elements/slidersPromo/all.php:8
Stack trace:
#0 {main}
  thrown in /var/www/html/admin-agisi/module/design/elements/slidersPromo/all.php on line 8
[05-Apr-2021 00:17:04 America/Mexico_City] PHP Fatal error:  Uncaught Error: Class 'SliderPromo' not found in /var/www/html/admin-agisi/module/design/elements/slidersPromo/new.php:8
Stack trace:
#0 {main}
  thrown in /var/www/html/admin-agisi/module/design/elements/slidersPromo/new.php on line 8
[05-Apr-2021 00:18:10 America/Mexico_City] PHP Fatal error:  Uncaught Error: Class 'SliderPromo' not found in /var/www/html/admin-agisi/module/design/elements/slidersPromo/new.php:8
Stack trace:
#0 {main}
  thrown in /var/www/html/admin-agisi/module/design/elements/slidersPromo/new.php on line 8
[05-Apr-2021 00:19:15 America/Mexico_City] PHP Fatal error:  Uncaught Error: Class 'SliderPromo' not found in /var/www/html/admin-agisi/module/design/elements/slidersPromo/new.php:8
Stack trace:
#0 {main}
  thrown in /var/www/html/admin-agisi/module/design/elements/slidersPromo/new.php on line 8
[05-Apr-2021 00:19:49 America/Mexico_City] PHP Fatal error:  Uncaught Error: Class 'SliderPromo' not found in /var/www/html/admin-agisi/module/design/elements/slidersPromo/new.php:8
Stack trace:
#0 {main}
  thrown in /var/www/html/admin-agisi/module/design/elements/slidersPromo/new.php on line 8
[05-Apr-2021 00:24:24 America/Mexico_City] PHP Warning:  count(): Parameter must be an array or an object that implements Countable in /var/www/html/admin-agisi/module/design/elements/slidersPromo/new.php on line 111
[05-Apr-2021 00:24:24 America/Mexico_City] PHP Stack trace:
[05-Apr-2021 00:24:24 America/Mexico_City] PHP   1. {main}() /var/www/html/admin-agisi/module/design/elements/slidersPromo/new.php:0
[05-Apr-2021 00:24:24 America/Mexico_City] PHP Warning:  count(): Parameter must be an array or an object that implements Countable in /var/www/html/admin-agisi/module/design/elements/slidersPromo/new.php on line 111
[05-Apr-2021 00:24:24 America/Mexico_City] PHP Stack trace:
[05-Apr-2021 00:24:24 America/Mexico_City] PHP   1. {main}() /var/www/html/admin-agisi/module/design/elements/slidersPromo/new.php:0
[05-Apr-2021 00:24:24 America/Mexico_City] PHP Warning:  count(): Parameter must be an array or an object that implements Countable in /var/www/html/admin-agisi/module/design/elements/slidersPromo/new.php on line 117
[05-Apr-2021 00:24:24 America/Mexico_City] PHP Stack trace:
[05-Apr-2021 00:24:24 America/Mexico_City] PHP   1. {main}() /var/www/html/admin-agisi/module/design/elements/slidersPromo/new.php:0
[05-Apr-2021 00:24:24 America/Mexico_City] PHP Warning:  count(): Parameter must be an array or an object that implements Countable in /var/www/html/admin-agisi/module/design/elements/slidersPromo/new.php on line 117
[05-Apr-2021 00:24:24 America/Mexico_City] PHP Stack trace:
[05-Apr-2021 00:24:24 America/Mexico_City] PHP   1. {main}() /var/www/html/admin-agisi/module/design/elements/slidersPromo/new.php:0
[05-Apr-2021 00:24:36 America/Mexico_City] PHP Fatal error:  Uncaught Error: Class 'SliderPromo' not found in /var/www/html/admin-agisi/module/design/elements/slidersPromo/edit.php:8
Stack trace:
#0 {main}
  thrown in /var/www/html/admin-agisi/module/design/elements/slidersPromo/edit.php on line 8
[05-Apr-2021 00:33:18 America/Mexico_City] PHP Fatal error:  Uncaught Error: Call to a member function fetchAll() on bool in /var/www/html/admin-agisi/module/design/elements/Model/Sliders.php:37
Stack trace:
#0 /var/www/html/admin-agisi/module/design/elements/sliders/edit.php(15): Slider->consultar(NULL, Array)
#1 {main}
  thrown in /var/www/html/admin-agisi/module/design/elements/Model/Sliders.php on line 37
[05-Apr-2021 00:33:51 America/Mexico_City] PHP Fatal error:  Uncaught Error: Call to a member function fetchAll() on bool in /var/www/html/admin-agisi/module/design/elements/Model/SlidersPromo.php:37
Stack trace:
#0 /var/www/html/admin-agisi/module/design/elements/slidersPromo/edit.php(15): SliderPromo->consultar(NULL, Array)
#1 {main}
  thrown in /var/www/html/admin-agisi/module/design/elements/Model/SlidersPromo.php on line 37
[05-Apr-2021 00:34:09 America/Mexico_City] PHP Fatal error:  Uncaught Error: Call to a member function fetchAll() on bool in /var/www/html/admin-agisi/module/design/elements/Model/SlidersPromo.php:37
Stack trace:
#0 /var/www/html/admin-agisi/module/design/elements/slidersPromo/edit.php(15): SliderPromo->consultar(NULL, Array)
#1 {main}
  thrown in /var/www/html/admin-agisi/module/design/elements/Model/SlidersPromo.php on line 37
[05-Apr-2021 00:34:17 America/Mexico_City] PHP Fatal error:  Uncaught Error: Call to a member function fetchAll() on bool in /var/www/html/admin-agisi/module/design/elements/Model/SlidersPromo.php:37
Stack trace:
#0 /var/www/html/admin-agisi/module/design/elements/slidersPromo/edit.php(15): SliderPromo->consultar(NULL, Array)
#1 {main}
  thrown in /var/www/html/admin-agisi/module/design/elements/Model/SlidersPromo.php on line 37
[05-Apr-2021 00:46:25 America/Mexico_City] PHP Warning:  Invalid argument supplied for foreach() in /var/www/html/app/design/theme/part/body/carrusel.php on line 6
[05-Apr-2021 00:46:25 America/Mexico_City] PHP Stack trace:
[05-Apr-2021 00:46:25 America/Mexico_City] PHP   1. {main}() /var/www/html/categoria.php:0
[05-Apr-2021 00:46:25 America/Mexico_City] PHP   2. include() /var/www/html/categoria.php:30
[05-Apr-2021 00:46:25 America/Mexico_City] PHP Warning:  Invalid argument supplied for foreach() in /var/www/html/app/design/theme/part/body/promocion.php on line 6
[05-Apr-2021 00:46:25 America/Mexico_City] PHP Stack trace:
[05-Apr-2021 00:46:25 America/Mexico_City] PHP   1. {main}() /var/www/html/categoria.php:0
[05-Apr-2021 00:46:25 America/Mexico_City] PHP   2. include() /var/www/html/categoria.php:64
[05-Apr-2021 00:56:04 America/Mexico_City] PHP Warning:  implode(): Invalid arguments passed in /var/www/html/admin-agisi/module/catalog/category/Model/Category.php on line 31
[05-Apr-2021 00:56:04 America/Mexico_City] PHP Stack trace:
[05-Apr-2021 00:56:04 America/Mexico_City] PHP   1. {main}() /var/www/html/index.php:0
[05-Apr-2021 00:56:04 America/Mexico_City] PHP   2. include() /var/www/html/index.php:96
[05-Apr-2021 00:56:04 America/Mexico_City] PHP   3. Category->consultar() /var/www/html/app/design/theme/part/body/categoria.php:10
[05-Apr-2021 00:56:04 America/Mexico_City] PHP   4. implode() /var/www/html/admin-agisi/module/catalog/category/Model/Category.php:31
[05-Apr-2021 00:56:04 America/Mexico_City] PHP Fatal error:  Uncaught Error: Call to a member function fetchAll() on bool in /var/www/html/admin-agisi/module/catalog/category/Model/Category.php:38
Stack trace:
#0 /var/www/html/app/design/theme/part/body/categoria.php(10): Category->consultar(Array, Array)
#1 /var/www/html/index.php(96): include('/var/www/html/a...')
#2 {main}
  thrown in /var/www/html/admin-agisi/module/catalog/category/Model/Category.php on line 38
